#
# There is insufficient memory for the Java Runtime Environment to continue.
# Native memory allocation (malloc) failed to allocate 1427696 bytes for Chunk::new
# Possible reasons:
#   The system is out of physical RAM or swap space
#   In 32 bit mode, the process size limit was hit
# Possible solutions:
#   Reduce memory load on the system
#   Increase physical memory or swap space
#   Check if swap backing store is full
#   Use 64 bit Java on a 64 bit OS
#   Decrease Java heap size (-Xmx/-Xms)
#   Decrease number of Java threads
#   Decrease Java thread stack sizes (-Xss)
#   Set larger code cache with -XX:ReservedCodeCacheSize=
# This output file may be truncated or incomplete.
#
#  Out of Memory Error (allocation.cpp:390), pid=6304, tid=0x000000000000736c
#
# JRE version: OpenJDK Runtime Environment (8.0_152-b01) (build 1.8.0_152-release-1343-b01)
# Java VM: OpenJDK 64-Bit Server VM (25.152-b01 mixed mode windows-amd64 compressed oops)
# Failed to write core dump. Minidumps are not enabled by default on client versions of Windows
#

---------------  T H R E A D  ---------------

Current thread (0x0000000018f6e800):  JavaThread "C2 CompilerThread1" daemon [_thread_in_native, id=29548, stack(0x0000000019830000,0x0000000019930000)]

Stack: [0x0000000019830000,0x0000000019930000]
[error occurred during error reporting (printing stack bounds), id 0xc0000005]

Native frames: (J=compiled Java code, j=interpreted, Vv=VM code, C=native code)


Current CompileTask:
C2:   3434 1355       4       java.net.URLClassLoader$1::run (5 bytes)


---------------  P R O C E S S  ---------------

Java Threads: ( => current thread )
  0x000000001afb8800 JavaThread "Cache worker for file hash cache (C:\Users\kamyab\Desktop\app_\.gradle\5.1.1\fileHashes)" [_thread_blocked, id=23872, stack(0x000000001ec20000,0x000000001ed20000)]
  0x000000001afbd000 JavaThread "Cache worker for journal cache (C:\Users\kamyab\.gradle\caches\journal-1)" [_thread_blocked, id=13396, stack(0x000000001c980000,0x000000001ca80000)]
  0x000000001afb7000 JavaThread "File lock request listener" [_thread_in_native, id=28244, stack(0x000000001c880000,0x000000001c980000)]
  0x000000001a41a000 JavaThread "Cache worker for file hash cache (C:\Users\kamyab\.gradle\caches\5.1.1\fileHashes)" [_thread_blocked, id=28596, stack(0x000000001c780000,0x000000001c880000)]
  0x000000001aed7800 JavaThread "Thread-8" [_thread_blocked, id=2176, stack(0x000000001c680000,0x000000001c780000)]
  0x000000001aed5800 JavaThread "Stdin handler" [_thread_blocked, id=26572, stack(0x000000001c580000,0x000000001c680000)]
  0x000000001aed6800 JavaThread "Asynchronous log dispatcher for DefaultDaemonConnection: socket connection from /127.0.0.1:14572 to /127.0.0.1:14573" [_thread_blocked, id=5428, stack(0x000000001c380000,0x000000001c480000)]
  0x000000001af0e000 JavaThread "Daemon worker" [_thread_in_vm, id=28408, stack(0x000000001c280000,0x000000001c380000)]
  0x000000001aee3800 JavaThread "Cancel handler" [_thread_blocked, id=28516, stack(0x000000001c180000,0x000000001c280000)]
  0x000000001b1aa000 JavaThread "Handler for socket connection from /127.0.0.1:14572 to /127.0.0.1:14573" [_thread_in_native, id=10320, stack(0x000000001be80000,0x000000001bf80000)]
  0x000000001b1a8800 JavaThread "Daemon" [_thread_blocked, id=1684, stack(0x000000001bd80000,0x000000001be80000)]
  0x000000001b195800 JavaThread "Daemon periodic checks" [_thread_blocked, id=6944, stack(0x000000001bc80000,0x000000001bd80000)]
  0x000000001b18a800 JavaThread "Incoming local TCP Connector on port 14572" [_thread_in_native, id=1744, stack(0x000000001ba40000,0x000000001bb40000)]
  0x0000000019001800 JavaThread "Service Thread" daemon [_thread_blocked, id=13900, stack(0x0000000019b30000,0x0000000019c30000)]
  0x0000000018f7b000 JavaThread "C1 CompilerThread3" daemon [_thread_blocked, id=21736, stack(0x0000000019a30000,0x0000000019b30000)]
  0x0000000018f74000 JavaThread "C2 CompilerThread2" daemon [_thread_in_native, id=29796, stack(0x0000000019930000,0x0000000019a30000)]
=>0x0000000018f6e800 JavaThread "C2 CompilerThread1" daemon [_thread_in_native, id=29548, stack(0x0000000019830000,0x0000000019930000)]
  0x0000000018f6a800 JavaThread "C2 CompilerThread0" daemon [_thread_in_native, id=28980, stack(0x0000000019730000,0x0000000019830000)]
  0x0000000018f67800 JavaThread "Attach Listener" daemon [_thread_blocked, id=26912, stack(0x0000000019630000,0x0000000019730000)]
  0x000000001706e800 JavaThread "Signal Dispatcher" daemon [_thread_blocked, id=1324, stack(0x0000000019530000,0x0000000019630000)]
  0x0000000003209000 JavaThread "Finalizer" daemon [_thread_blocked, id=13344, stack(0x0000000019340000,0x0000000019440000)]
  0x0000000003206000 JavaThread "Reference Handler" daemon [_thread_blocked, id=26552, stack(0x0000000018e40000,0x0000000018f40000)]
  0x0000000003112800 JavaThread "main" [_thread_blocked, id=29504, stack(0x0000000002fc0000,0x00000000030c0000)]

Other Threads:
  0x0000000017056800 VMThread [stack: 0x0000000018d40000,0x0000000018e40000] [id=19752]
  0x0000000019002000 WatcherThread [stack: 0x0000000019c30000,0x0000000019d30000] [id=19264]

VM state:not at safepoint (normal execution)

VM Mutex/Monitor currently owned by a thread: None

Heap:
 PSYoungGen      total 38400K, used 33374K [0x00000000e0000000, 0x00000000e2a80000, 0x0000000100000000)
  eden space 33280K, 84% used [0x00000000e0000000,0x00000000e1b99f80,0x00000000e2080000)
  from space 5120K, 99% used [0x00000000e2080000,0x00000000e257dc68,0x00000000e2580000)
  to   space 5120K, 0% used [0x00000000e2580000,0x00000000e2580000,0x00000000e2a80000)
 ParOldGen       total 87552K, used 1997K [0x00000000a0000000, 0x00000000a5580000, 0x00000000e0000000)
  object space 87552K, 2% used [0x00000000a0000000,0x00000000a01f37e0,0x00000000a5580000)
 Metaspace       used 15638K, capacity 16016K, committed 16256K, reserved 1062912K
  class space    used 2222K, capacity 2360K, committed 2432K, reserved 1048576K

Card table byte_map: [0x0000000012660000,0x0000000012970000] byte_map_base: 0x0000000012160000

Marking Bits: (ParMarkBitMap*) 0x0000000070395aa0
 Begin Bits: [0x0000000013370000, 0x0000000014b70000)
 End Bits:   [0x0000000014b70000, 0x0000000016370000)

Polling page: 0x00000000012e0000

CodeCache: size=245760Kb used=5117Kb max_used=5117Kb free=240642Kb
 bounds [0x00000000032a0000, 0x00000000037b0000, 0x00000000122a0000]
 total_blobs=1852 nmethods=1466 adapters=299
 compilation: enabled

Compilation events (10 events):
Event: 3.415 Thread 0x0000000018f74000 nmethod 1431 0x0000000003796ad0 code [0x0000000003796c20, 0x0000000003796e98]
Event: 3.415 Thread 0x0000000018f74000 1456       4       java.util.ArrayList$SubList$1::hasNext (20 bytes)
Event: 3.416 Thread 0x0000000018f74000 nmethod 1456 0x0000000003796890 code [0x00000000037969c0, 0x0000000003796a58]
Event: 3.419 Thread 0x0000000018f7b000 1463       3       sun.misc.ProxyGenerator::dotToSlash (9 bytes)
Event: 3.419 Thread 0x0000000018f7b000 nmethod 1463 0x0000000003796450 code [0x00000000037965c0, 0x00000000037967c8]
Event: 3.422 Thread 0x0000000018f7b000 1464   !   3       org.gradle.internal.service.DefaultServiceRegistry$ManagedObjectServiceProvider::getInstance (81 bytes)
Event: 3.422 Thread 0x0000000018f74000 1466   !   4       java.util.zip.InflaterInputStream::read (138 bytes)
Event: 3.423 Thread 0x0000000018f7b000 nmethod 1464 0x0000000003799890 code [0x0000000003799a00, 0x0000000003799e68]
Event: 3.423 Thread 0x0000000018f7b000 1465       3       org.gradle.internal.service.DefaultServiceRegistry$OwnServices::getService (309 bytes)
Event: 3.426 Thread 0x0000000018f7b000 nmethod 1465 0x000000000379c150 code [0x000000000379c620, 0x000000000379f538]

GC Heap History (6 events):
Event: 1.159 GC heap before
{Heap before GC invocations=1 (full 0):
 PSYoungGen      total 38400K, used 33280K [0x00000000e0000000, 0x00000000e2a80000, 0x0000000100000000)
  eden space 33280K, 100% used [0x00000000e0000000,0x00000000e2080000,0x00000000e2080000)
  from space 5120K, 0% used [0x00000000e2580000,0x00000000e2580000,0x00000000e2a80000)
  to   space 5120K, 0% used [0x00000000e2080000,0x00000000e2080000,0x00000000e2580000)
 ParOldGen       total 87552K, used 0K [0x00000000a0000000, 0x00000000a5580000, 0x00000000e0000000)
  object space 87552K, 0% used [0x00000000a0000000,0x00000000a0000000,0x00000000a5580000)
 Metaspace       used 6604K, capacity 6734K, committed 7040K, reserved 1056768K
  class space    used 804K, capacity 843K, committed 896K, reserved 1048576K
Event: 1.164 GC heap after
Heap after GC invocations=1 (full 0):
 PSYoungGen      total 38400K, used 4315K [0x00000000e0000000, 0x00000000e2a80000, 0x0000000100000000)
  eden space 33280K, 0% used [0x00000000e0000000,0x00000000e0000000,0x00000000e2080000)
  from space 5120K, 84% used [0x00000000e2080000,0x00000000e24b6e80,0x00000000e2580000)
  to   space 5120K, 0% used [0x00000000e2580000,0x00000000e2580000,0x00000000e2a80000)
 ParOldGen       total 87552K, used 8K [0x00000000a0000000, 0x00000000a5580000, 0x00000000e0000000)
  object space 87552K, 0% used [0x00000000a0000000,0x00000000a0002000,0x00000000a5580000)
 Metaspace       used 6604K, capacity 6734K, committed 7040K, reserved 1056768K
  class space    used 804K, capacity 843K, committed 896K, reserved 1048576K
}
Event: 1.693 GC heap before
{Heap before GC invocations=2 (full 0):
 PSYoungGen      total 38400K, used 37595K [0x00000000e0000000, 0x00000000e2a80000, 0x0000000100000000)
  eden space 33280K, 100% used [0x00000000e0000000,0x00000000e2080000,0x00000000e2080000)
  from space 5120K, 84% used [0x00000000e2080000,0x00000000e24b6e80,0x00000000e2580000)
  to   space 5120K, 0% used [0x00000000e2580000,0x00000000e2580000,0x00000000e2a80000)
 ParOldGen       total 87552K, used 8K [0x00000000a0000000, 0x00000000a5580000, 0x00000000e0000000)
  object space 87552K, 0% used [0x00000000a0000000,0x00000000a0002000,0x00000000a5580000)
 Metaspace       used 8877K, capacity 9116K, committed 9216K, reserved 1056768K
  class space    used 1157K, capacity 1228K, committed 1280K, reserved 1048576K
Event: 1.699 GC heap after
Heap after GC invocations=2 (full 0):
 PSYoungGen      total 38400K, used 4532K [0x00000000e0000000, 0x00000000e2a80000, 0x0000000100000000)
  eden space 33280K, 0% used [0x00000000e0000000,0x00000000e0000000,0x00000000e2080000)
  from space 5120K, 88% used [0x00000000e2580000,0x00000000e29ed0c8,0x00000000e2a80000)
  to   space 5120K, 0% used [0x00000000e2080000,0x00000000e2080000,0x00000000e2580000)
 ParOldGen       total 87552K, used 16K [0x00000000a0000000, 0x00000000a5580000, 0x00000000e0000000)
  object space 87552K, 0% used [0x00000000a0000000,0x00000000a0004000,0x00000000a5580000)
 Metaspace       used 8877K, capacity 9116K, committed 9216K, reserved 1056768K
  class space    used 1157K, capacity 1228K, committed 1280K, reserved 1048576K
}
Event: 3.036 GC heap before
{Heap before GC invocations=3 (full 0):
 PSYoungGen      total 38400K, used 37812K [0x00000000e0000000, 0x00000000e2a80000, 0x0000000100000000)
  eden space 33280K, 100% used [0x00000000e0000000,0x00000000e2080000,0x00000000e2080000)
  from space 5120K, 88% used [0x00000000e2580000,0x00000000e29ed0c8,0x00000000e2a80000)
  to   space 5120K, 0% used [0x00000000e2080000,0x00000000e2080000,0x00000000e2580000)
 ParOldGen       total 87552K, used 16K [0x00000000a0000000, 0x00000000a5580000, 0x00000000e0000000)
  object space 87552K, 0% used [0x00000000a0000000,0x00000000a0004000,0x00000000a5580000)
 Metaspace       used 13421K, capacity 13792K, committed 14080K, reserved 1060864K
  class space    used 1841K, capacity 1998K, committed 2048K, reserved 1048576K
Event: 3.043 GC heap after
Heap after GC invocations=3 (full 0):
 PSYoungGen      total 38400K, used 5111K [0x00000000e0000000, 0x00000000e2a80000, 0x0000000100000000)
  eden space 33280K, 0% used [0x00000000e0000000,0x00000000e0000000,0x00000000e2080000)
  from space 5120K, 99% used [0x00000000e2080000,0x00000000e257dc68,0x00000000e2580000)
  to   space 5120K, 0% used [0x00000000e2580000,0x00000000e2580000,0x00000000e2a80000)
 ParOldGen       total 87552K, used 1997K [0x00000000a0000000, 0x00000000a5580000, 0x00000000e0000000)
  object space 87552K, 2% used [0x00000000a0000000,0x00000000a01f37e0,0x00000000a5580000)
 Metaspace       used 13421K, capacity 13792K, committed 14080K, reserved 1060864K
  class space    used 1841K, capacity 1998K, committed 2048K, reserved 1048576K
}

Deoptimization events (10 events):
Event: 2.568 Thread 0x000000001b1aa000 Uncommon trap: reason=unstable_if action=reinterpret pc=0x0000000003666e84 method=java.util.concurrent.ConcurrentHashMap.putVal(Ljava/lang/Object;Ljava/lang/Object;Z)Ljava/lang/Object; @ 206
Event: 2.750 Thread 0x000000001af0e000 Uncommon trap: reason=bimorphic action=maybe_recompile pc=0x00000000035320a8 method=java.util.HashMap.putVal(ILjava/lang/Object;Ljava/lang/Object;ZZ)Ljava/lang/Object; @ 253
Event: 2.751 Thread 0x000000001af0e000 Uncommon trap: reason=bimorphic action=maybe_recompile pc=0x00000000035320a8 method=java.util.HashMap.putVal(ILjava/lang/Object;Ljava/lang/Object;ZZ)Ljava/lang/Object; @ 253
Event: 2.751 Thread 0x000000001af0e000 Uncommon trap: reason=bimorphic action=maybe_recompile pc=0x00000000035320a8 method=java.util.HashMap.putVal(ILjava/lang/Object;Ljava/lang/Object;ZZ)Ljava/lang/Object; @ 253
Event: 2.751 Thread 0x000000001af0e000 Uncommon trap: reason=bimorphic action=maybe_recompile pc=0x000000000352d3a0 method=java.util.HashMap.putVal(ILjava/lang/Object;Ljava/lang/Object;ZZ)Ljava/lang/Object; @ 253
Event: 2.998 Thread 0x000000001af0e000 Uncommon trap: reason=class_check action=maybe_recompile pc=0x0000000003567f98 method=java.util.regex.Matcher.match(II)Z @ 86
Event: 3.015 Thread 0x000000001af0e000 Uncommon trap: reason=class_check action=maybe_recompile pc=0x0000000003567f98 method=java.util.regex.Matcher.match(II)Z @ 86
Event: 3.016 Thread 0x000000001af0e000 Uncommon trap: reason=class_check action=maybe_recompile pc=0x0000000003567f98 method=java.util.regex.Matcher.match(II)Z @ 86
Event: 3.016 Thread 0x000000001af0e000 Uncommon trap: reason=class_check action=maybe_recompile pc=0x0000000003523a5c method=java.util.regex.Matcher.match(II)Z @ 86
Event: 3.341 Thread 0x000000001af0e000 Uncommon trap: reason=unstable_if action=reinterpret pc=0x000000000368e0b4 method=java.lang.String.lastIndexOf([CII[CIII)I @ 66

Classes redefined (0 events):
No events

Internal exceptions (10 events):
Event: 2.577 Thread 0x000000001b1aa000 Exception <a 'java/lang/NoSuchMethodError': <clinit>> (0x00000000e0928c00) thrown at [D:\src\AOSP-openjdk-cygwin\jdk8u\hotspot\src\share\vm\prims\jni.cpp, line 1613]
Event: 2.586 Thread 0x000000001b1aa000 Exception <a 'java/lang/NoSuchMethodError': <clinit>> (0x00000000e093bc80) thrown at [D:\src\AOSP-openjdk-cygwin\jdk8u\hotspot\src\share\vm\prims\jni.cpp, line 1613]
Event: 2.597 Thread 0x000000001b1aa000 Exception <a 'java/lang/NoSuchMethodError': <clinit>> (0x00000000e0962a20) thrown at [D:\src\AOSP-openjdk-cygwin\jdk8u\hotspot\src\share\vm\prims\jni.cpp, line 1613]
Event: 2.602 Thread 0x000000001b1aa000 Exception <a 'java/lang/NoSuchMethodError': <clinit>> (0x00000000e097a618) thrown at [D:\src\AOSP-openjdk-cygwin\jdk8u\hotspot\src\share\vm\prims\jni.cpp, line 1613]
Event: 2.603 Thread 0x000000001b1aa000 Exception <a 'java/lang/NoSuchMethodError': <clinit>> (0x00000000e09830e0) thrown at [D:\src\AOSP-openjdk-cygwin\jdk8u\hotspot\src\share\vm\prims\jni.cpp, line 1613]
Event: 2.608 Thread 0x000000001b1aa000 Exception <a 'java/lang/NoSuchMethodError': <clinit>> (0x00000000e0999308) thrown at [D:\src\AOSP-openjdk-cygwin\jdk8u\hotspot\src\share\vm\prims\jni.cpp, line 1613]
Event: 2.629 Thread 0x000000001b1aa000 Exception <a 'java/lang/NoSuchMethodError': <clinit>> (0x00000000e09f6a28) thrown at [D:\src\AOSP-openjdk-cygwin\jdk8u\hotspot\src\share\vm\prims\jni.cpp, line 1613]
Event: 2.642 Thread 0x000000001b1aa000 Exception <a 'java/lang/NoSuchMethodError': <clinit>> (0x00000000e0a22e48) thrown at [D:\src\AOSP-openjdk-cygwin\jdk8u\hotspot\src\share\vm\prims\jni.cpp, line 1613]
Event: 2.660 Thread 0x000000001b1aa000 Exception <a 'java/lang/NoSuchMethodError': <clinit>> (0x00000000e0a50eb8) thrown at [D:\src\AOSP-openjdk-cygwin\jdk8u\hotspot\src\share\vm\prims\jni.cpp, line 1613]
Event: 2.663 Thread 0x000000001b1aa000 Exception <a 'java/lang/NoSuchMethodError': <clinit>> (0x00000000e0a5c258) thrown at [D:\src\AOSP-openjdk-cygwin\jdk8u\hotspot\src\share\vm\prims\jni.cpp, line 1613]

Events (10 events):
Event: 3.425 loading class org/gradle/api/tasks/util/internal/PatternSets$PatternSetFactory
Event: 3.425 loading class org/gradle/api/tasks/util/internal/PatternSets$PatternSetFactory done
Event: 3.426 loading class org/gradle/api/tasks/util/internal/PatternSets$InternalPatternSet
Event: 3.426 loading class org/gradle/api/tasks/util/internal/PatternSets$InternalPatternSet done
Event: 3.426 loading class org/gradle/api/internal/file/DefaultFileLookup
Event: 3.427 loading class org/gradle/api/internal/file/DefaultFileLookup done
Event: 3.427 loading class org/gradle/api/internal/file/IdentityFileResolver
Event: 3.428 loading class org/gradle/api/internal/file/IdentityFileResolver done
Event: 3.428 loading class org/gradle/api/internal/file/AbstractFileResolver
Event: 3.428 loading class org/gradle/api/internal/file/AbstractFileResolver done


Dynamic libraries:
0x00007ff7db6a0000 - 0x00007ff7db6d1000 	C:\Program Files\Android\Android Studio\jre\bin\java.exe
0x00007ffe44e90000 - 0x00007ffe45071000 	C:\windows\SYSTEM32\ntdll.dll
0x00007ffe44da0000 - 0x00007ffe44e51000 	C:\windows\System32\KERNEL32.DLL
0x00007ffe414c0000 - 0x00007ffe41733000 	C:\windows\System32\KERNELBASE.dll
0x00007ffe44000000 - 0x00007ffe440a1000 	C:\windows\System32\ADVAPI32.dll
0x00007ffe444a0000 - 0x00007ffe4453e000 	C:\windows\System32\msvcrt.dll
0x00007ffe44d40000 - 0x00007ffe44d9b000 	C:\windows\System32\sechost.dll
0x00007ffe44230000 - 0x00007ffe44354000 	C:\windows\System32\RPCRT4.dll
0x00007ffe44620000 - 0x00007ffe447b0000 	C:\windows\System32\USER32.dll
0x00007ffe41260000 - 0x00007ffe41280000 	C:\windows\System32\win32u.dll
0x00007ffe447b0000 - 0x00007ffe447d8000 	C:\windows\System32\GDI32.dll
0x00007ffe42100000 - 0x00007ffe42291000 	C:\windows\System32\gdi32full.dll
0x00007ffe41850000 - 0x00007ffe418ef000 	C:\windows\System32\msvcp_win.dll
0x00007ffe418f0000 - 0x00007ffe419e8000 	C:\windows\System32\ucrtbase.dll
0x00007ffe269c0000 - 0x00007ffe26c29000 	C:\windows\WinSxS\amd64_microsoft.windows.common-controls_6595b64144ccf1df_6.0.17134.829_none_fb46a5473061b9d5\COMCTL32.dll
0x00007ffe44a10000 - 0x00007ffe44d32000 	C:\windows\System32\combase.dll
0x00007ffe422a0000 - 0x00007ffe4231a000 	C:\windows\System32\bcryptPrimitives.dll
0x00007ffe43fc0000 - 0x00007ffe43fed000 	C:\windows\System32\IMM32.DLL
0x000000006fa10000 - 0x000000006fae2000 	C:\Program Files\Android\Android Studio\jre\jre\bin\msvcr100.dll
0x000000006fbd0000 - 0x0000000070411000 	C:\Program Files\Android\Android Studio\jre\jre\bin\server\jvm.dll
0x00007ffe43ff0000 - 0x00007ffe43ff8000 	C:\windows\System32\PSAPI.DLL
0x00007ffe28f70000 - 0x00007ffe28f79000 	C:\windows\SYSTEM32\WSOCK32.dll
0x00007ffe44550000 - 0x00007ffe445bc000 	C:\windows\System32\WS2_32.dll
0x00007ffe3deb0000 - 0x00007ffe3ded3000 	C:\windows\SYSTEM32\WINMM.dll
0x00007ffe37690000 - 0x00007ffe3769a000 	C:\windows\SYSTEM32\VERSION.dll
0x00007ffe3de80000 - 0x00007ffe3deaa000 	C:\windows\SYSTEM32\WINMMBASE.dll
0x00007ffe41470000 - 0x00007ffe414b9000 	C:\windows\System32\cfgmgr32.dll
0x00007ffe3e040000 - 0x00007ffe3e04f000 	C:\Program Files\Android\Android Studio\jre\jre\bin\verify.dll
0x00007ffe29c10000 - 0x00007ffe29c39000 	C:\Program Files\Android\Android Studio\jre\jre\bin\java.dll
0x00007ffe3e020000 - 0x00007ffe3e036000 	C:\Program Files\Android\Android Studio\jre\jre\bin\zip.dll
0x00007ffe42530000 - 0x00007ffe43970000 	C:\windows\System32\SHELL32.dll
0x00007ffe443f0000 - 0x00007ffe44499000 	C:\windows\System32\shcore.dll
0x00007ffe419f0000 - 0x00007ffe420fd000 	C:\windows\System32\windows.storage.dll
0x00007ffe43970000 - 0x00007ffe439c1000 	C:\windows\System32\shlwapi.dll
0x00007ffe411a0000 - 0x00007ffe411b1000 	C:\windows\System32\kernel.appcore.dll
0x00007ffe41220000 - 0x00007ffe4123f000 	C:\windows\System32\profapi.dll
0x00007ffe411d0000 - 0x00007ffe4121c000 	C:\windows\System32\powrprof.dll
0x00007ffe411c0000 - 0x00007ffe411ca000 	C:\windows\System32\FLTLIB.DLL
0x00007ffe3dfc0000 - 0x00007ffe3dfda000 	C:\Program Files\Android\Android Studio\jre\jre\bin\net.dll
0x00007ffe40a20000 - 0x00007ffe40a86000 	C:\windows\system32\mswsock.dll
0x00007ffe30070000 - 0x00007ffe30081000 	C:\Program Files\Android\Android Studio\jre\jre\bin\nio.dll
0x00007ffe332a0000 - 0x00007ffe332be000 	C:\Users\kamyab\.gradle\native\25\windows-amd64\native-platform.dll
0x00007ffe3d380000 - 0x00007ffe3d38d000 	C:\Program Files\Android\Android Studio\jre\jre\bin\management.dll
0x00007ffe40bd0000 - 0x00007ffe40be7000 	C:\windows\SYSTEM32\CRYPTSP.dll
0x00007ffe40610000 - 0x00007ffe40643000 	C:\windows\system32\rsaenh.dll
0x00007ffe40d00000 - 0x00007ffe40d25000 	C:\windows\SYSTEM32\bcrypt.dll
0x00007ffe410d0000 - 0x00007ffe410f8000 	C:\windows\SYSTEM32\USERENV.dll
0x00007ffe40bf0000 - 0x00007ffe40bfb000 	C:\windows\SYSTEM32\CRYPTBASE.dll
0x00007ffe407b0000 - 0x00007ffe407e8000 	C:\windows\SYSTEM32\IPHLPAPI.DLL
0x00007ffe44540000 - 0x00007ffe44548000 	C:\windows\System32\NSI.dll
0x00007ffe37800000 - 0x00007ffe37816000 	C:\windows\SYSTEM32\dhcpcsvc6.DLL
0x00007ffe378d0000 - 0x00007ffe378ea000 	C:\windows\SYSTEM32\dhcpcsvc.DLL

VM Arguments:
jvm_args: -Xmx1536m -Dfile.encoding=windows-1252 -Duser.country=US -Duser.language=en -Duser.variant 
java_command: org.gradle.launcher.daemon.bootstrap.GradleDaemon 5.1.1
java_class_path (initial): C:\Users\kamyab\.gradle\wrapper\dists\gradle-5.1.1-all\97z1ksx6lirer3kbvdnh7jtjg\gradle-5.1.1\lib\gradle-launcher-5.1.1.jar
Launcher Type: SUN_STANDARD

Environment Variables:
JAVA_HOME=C:\Program Files\Java\jdk1.8.0_181
PATH=C:\Program Files\Common Files\Oracle\Java\javapath;C:\windows\system32;C:\windows;C:\windows\System32\Wbem;C:\windows\System32\WindowsPowerShell\v1.0\;C:\windows\System32\OpenSSH\;C:\Program Files\Git\cmd;C:\Program Files\PostgreSQL\10.1\bin;C:\Program Files\PostgreSQL\10.1\lib;C:\Program Files\Java\jdk1.8.0_181\bin;C:\Program Files\dotnet\;C:\Program Files\nodejs\;C:\Users\kamyab\AppData\Local\Programs\Python\Python37\Scripts\;C:\Users\kamyab\AppData\Local\Programs\Python\Python37\;C:\Users\kamyab\AppData\Local\Microsoft\WindowsApps;C:\Program Files\JetBrains\PyCharm 2019.1.3\bin;C:\Program Files\JetBrains\WebStorm 2019.2\bin;C:\Users\kamyab\AppData\Local\Android\Sdk;C:\Users\kamyab\.dotnet\tools;C:\Users\kamyab\AppData\Local\atom\bin;C:\Program Files\JetBrains\WebStorm 2019.2.3\bin;C:\Users\kamyab\AppData\Roaming\npm;D:\PyCharm 2019.2.3\bin;
USERNAME=kamyab
OS=Windows_NT
PROCESSOR_IDENTIFIER=Intel64 Family 6 Model 142 Stepping 10, GenuineIntel



---------------  S Y S T E M  ---------------

OS: Windows 10.0 , 64 bit Build 17134 (10.0.17134.753)

CPU:total 8 (initial active 8) (4 cores per cpu, 2 threads per core) family 6 model 142 stepping 10, cmov, cx8, fxsr, mmx, sse, sse2, sse3, ssse3, sse4.1, sse4.2, popcnt, avx, avx2, aes, clmul, erms, rtm, 3dnowpref, lzcnt, ht, tsc, tscinvbit, bmi1, bmi2, adx

Memory: 4k page, physical 8311804k(1103440k free), swap 14648280k(4764k free)

vm_info: OpenJDK 64-Bit Server VM (25.152-b01) for windows-amd64 JRE (1.8.0_152-release-1343-b01), built by "builder" with MS VC++ 10.0 (VS2010)

time: Mon Apr 06 08:40:14 2020
elapsed time: 3 seconds (0d 0h 0m 3s)

